2026-04-14 10:36:48 | Info     | server.py:516             |  ========================================= 
2026-04-14 10:36:48 | Info     | server.py:517             |  === weBIGeo Cloud Server v1.1 started === 
2026-04-14 10:36:48 | Info     | server.py:518             |  ========================================= 
2026-04-14 10:36:48 | Info     | server.py:493             | Scheduler: running maintenance
2026-04-14 10:36:48 | Info     | server.py:530             | Starting waitress server on http://127.0.0.1:8000
2026-04-14 10:36:48 | Debug    | server.py:485             | Purge: 2026040900_001 (hour 1 not in retention policy hours [0, 3, 6, 9, 12, 15, 18, 21])
2026-04-14 10:36:49 | Debug    | server.py:485             | Purge: 2026040900_002 (hour 2 not in retention policy hours [0, 3, 6, 9, 12, 15, 18, 21])
2026-04-14 10:36:49 | Debug    | server.py:485             | Purge: 2026040903_001 (hour 4 not in retention policy hours [0, 3, 6, 9, 12, 15, 18, 21])
2026-04-14 10:36:49 | Debug    | server.py:485             | Purge: 2026040903_002 (hour 5 not in retention policy hours [0, 3, 6, 9, 12, 15, 18, 21])
2026-04-14 10:36:49 | Debug    | server.py:485             | Purge: 2026040906_001 (hour 7 not in retention policy hours [0, 3, 6, 9, 12, 15, 18, 21])
2026-04-14 10:36:49 | Debug    | server.py:485             | Purge: 2026040906_002 (hour 8 not in retention policy hours [0, 3, 6, 9, 12, 15, 18, 21])
2026-04-14 10:36:49 | Debug    | server.py:485             | Purge: 2026040909_001 (hour 10 not in retention policy hours [0, 3, 6, 9, 12, 15, 18, 21])
2026-04-14 10:36:49 | Debug    | server.py:485             | Purge: 2026040909_002 (hour 11 not in retention policy hours [0, 3, 6, 9, 12, 15, 18, 21])
2026-04-14 10:36:49 | Debug    | server.py:485             | Purge: 2026040912_001 (hour 13 not in retention policy hours [0, 3, 6, 9, 12, 15, 18, 21])
2026-04-14 10:36:49 | Debug    | server.py:485             | Purge: 2026040912_002 (hour 14 not in retention policy hours [0, 3, 6, 9, 12, 15, 18, 21])
2026-04-14 10:36:50 | Debug    | server.py:485             | Purge: 2026040912_004 (hour 16 not in retention policy hours [0, 3, 6, 9, 12, 15, 18, 21])
2026-04-14 10:36:50 | Debug    | server.py:485             | Purge: 2026040912_005 (hour 17 not in retention policy hours [0, 3, 6, 9, 12, 15, 18, 21])
2026-04-14 10:36:50 | Debug    | server.py:485             | Purge: 2026040912_007 (hour 19 not in retention policy hours [0, 3, 6, 9, 12, 15, 18, 21])
2026-04-14 10:36:50 | Debug    | server.py:485             | Purge: 2026040912_008 (hour 20 not in retention policy hours [0, 3, 6, 9, 12, 15, 18, 21])
2026-04-14 10:36:50 | Debug    | server.py:485             | Purge: 2026040912_010 (hour 22 not in retention policy hours [0, 3, 6, 9, 12, 15, 18, 21])
2026-04-14 10:36:50 | Debug    | server.py:485             | Purge: 2026040912_011 (hour 23 not in retention policy hours [0, 3, 6, 9, 12, 15, 18, 21])
2026-04-14 10:36:50 | Info     | server.py:489             | Purge: removed 16 tile set(s)
2026-04-14 10:37:15 | Debug    | server.py:449             | AutoBuild: 2026041309_000 (target 2026041309)
2026-04-14 10:37:16 | Debug    | server.py:449             | AutoBuild: 2026041312_000 (target 2026041312)
2026-04-14 10:37:16 | Debug    | server.py:449             | AutoBuild: 2026041315_000 (target 2026041315)
2026-04-14 10:37:17 | Debug    | server.py:449             | AutoBuild: 2026041318_000 (target 2026041318)
2026-04-14 10:37:17 | Debug    | server.py:449             | AutoBuild: 2026041321_000 (target 2026041321)
2026-04-14 10:37:18 | Debug    | server.py:449             | AutoBuild: 2026041400_000 (target 2026041400)
2026-04-14 10:37:18 | Debug    | server.py:449             | AutoBuild: 2026041400_001 (target 2026041401)
2026-04-14 10:37:18 | Debug    | server.py:449             | AutoBuild: 2026041400_002 (target 2026041402)
2026-04-14 10:37:19 | Debug    | server.py:449             | AutoBuild: 2026041403_000 (target 2026041403)
2026-04-14 10:37:19 | Debug    | server.py:449             | AutoBuild: 2026041403_001 (target 2026041404)
2026-04-14 10:37:19 | Debug    | server.py:449             | AutoBuild: 2026041403_002 (target 2026041405)
2026-04-14 10:37:19 | Debug    | server.py:449             | AutoBuild: 2026041406_000 (target 2026041406)
2026-04-14 10:37:19 | Debug    | server.py:449             | AutoBuild: 2026041406_001 (target 2026041407)
2026-04-14 10:37:19 | Debug    | server.py:449             | AutoBuild: 2026041406_002 (target 2026041408)
2026-04-14 10:37:19 | Debug    | server.py:449             | AutoBuild: 2026041406_003 (target 2026041409)
2026-04-14 10:37:19 | Debug    | server.py:449             | AutoBuild: 2026041406_004 (target 2026041410)
2026-04-14 10:37:19 | Debug    | server.py:449             | AutoBuild: 2026041406_005 (target 2026041411)
2026-04-14 10:37:19 | Debug    | server.py:449             | AutoBuild: 2026041406_006 (target 2026041412)
2026-04-14 10:37:19 | Debug    | server.py:449             | AutoBuild: 2026041406_007 (target 2026041413)
2026-04-14 10:37:19 | Debug    | server.py:449             | AutoBuild: 2026041406_008 (target 2026041414)
2026-04-14 10:37:19 | Debug    | server.py:449             | AutoBuild: 2026041406_009 (target 2026041415)
2026-04-14 10:37:19 | Debug    | server.py:449             | AutoBuild: 2026041406_010 (target 2026041416)
2026-04-14 10:37:19 | Debug    | server.py:449             | AutoBuild: 2026041406_011 (target 2026041417)
2026-04-14 10:37:19 | Debug    | server.py:449             | AutoBuild: 2026041406_012 (target 2026041418)
2026-04-14 10:37:19 | Debug    | server.py:449             | AutoBuild: 2026041406_013 (target 2026041419)
2026-04-14 10:37:19 | Debug    | server.py:449             | AutoBuild: 2026041406_014 (target 2026041420)
2026-04-14 10:37:19 | Debug    | server.py:449             | AutoBuild: 2026041406_015 (target 2026041421)
2026-04-14 10:37:19 | Debug    | server.py:449             | AutoBuild: 2026041406_016 (target 2026041422)
2026-04-14 10:37:19 | Debug    | server.py:449             | AutoBuild: 2026041406_017 (target 2026041423)
2026-04-14 10:37:19 | Debug    | server.py:449             | AutoBuild: 2026041406_024 (target 2026041506)
2026-04-14 10:37:19 | Debug    | server.py:449             | AutoBuild: 2026041406_030 (target 2026041512)
2026-04-14 10:37:19 | Debug    | server.py:449             | AutoBuild: 2026041406_036 (target 2026041518)
2026-04-14 10:37:19 | Debug    | server.py:449             | AutoBuild: 2026041406_048 (target 2026041606)
2026-04-14 10:37:19 | Info     | server.py:451             | AutoBuild done: 33 added, 0 replaced
2026-04-14 10:37:19 | Info     | server.py:508             | Scheduler: next maintenance at 2026-04-14 16:30 UTC
2026-04-14 10:37:19 | Info     | server.py:269             | Processing: run 2026041309 +0h (queue: 32 remaining)
2026-04-14 10:37:19 | Info     | server.py:269             | Processing: run 2026041312 +0h (queue: 31 remaining)
2026-04-14 10:37:19 | Info     | server.py:269             | Processing: run 2026041315 +0h (queue: 30 remaining)
2026-04-14 10:39:00 | Info     | server.py:297             | Done: run 2026041315 +0h (100.6s)
2026-04-14 10:39:00 | Info     | server.py:269             | Processing: run 2026041318 +0h (queue: 29 remaining)
2026-04-14 10:39:19 | Error    | server.py:293             | Worker for ('2026041318', 0) failed (exit 3221225786). See C:\tmp\webigeo\clouds-server\tiles_output\2026041318_000\latest.log
2026-04-14 10:39:20 | Info     | server.py:269             | Processing: run 2026041321 +0h (queue: 28 remaining)
2026-04-14 10:39:23 | Info     | server.py:516             |  ========================================= 
2026-04-14 10:39:23 | Info     | server.py:517             |  === weBIGeo Cloud Server v1.1 started === 
2026-04-14 10:39:23 | Info     | server.py:518             |  ========================================= 
2026-04-14 10:39:23 | Info     | server.py:493             | Scheduler: running maintenance
2026-04-14 10:39:23 | Info     | server.py:530             | Starting waitress server on http://127.0.0.1:8000
2026-04-14 10:39:23 | Debug    | server.py:473             | Purge: 2026041309_000 (invalid/incomplete)
2026-04-14 10:39:23 | Debug    | server.py:473             | Purge: 2026041312_000 (invalid/incomplete)
2026-04-14 10:39:24 | Debug    | server.py:473             | Purge: 2026041318_000 (invalid/incomplete)
2026-04-14 10:39:24 | Debug    | server.py:473             | Purge: 2026041321_000 (invalid/incomplete)
2026-04-14 10:39:24 | Info     | server.py:489             | Purge: removed 4 tile set(s)
2026-04-14 11:52:36 | Info     | server.py:539             |  ========================================= 
2026-04-14 11:52:36 | Info     | server.py:540             |  === weBIGeo Cloud Server v1.2 started === 
2026-04-14 11:52:36 | Info     | server.py:541             |  ========================================= 
2026-04-14 11:52:36 | Info     | server.py:516             | Scheduler: running maintenance
2026-04-14 11:52:36 | Info     | server.py:553             | Starting waitress server on http://127.0.0.1:8000
2026-04-14 11:52:36 | Info     | server.py:512             | Purge: removed 0 tile set(s)
2026-04-14 11:55:31 | Info     | server.py:539             |  ========================================= 
2026-04-14 11:55:31 | Info     | server.py:540             |  === weBIGeo Cloud Server v1.2.1 started === 
2026-04-14 11:55:31 | Info     | server.py:541             |  ========================================= 
2026-04-14 11:55:31 | Info     | server.py:516             | Scheduler: running maintenance
2026-04-14 11:55:31 | Info     | server.py:553             | Starting waitress server on http://127.0.0.1:8000
2026-04-14 11:55:31 | Info     | server.py:512             | Purge: removed 0 tile set(s)
2026-04-14 11:55:56 | Debug    | server.py:472             | AutoBuild: 2026041312_000 (target 2026041312)
2026-04-14 11:55:57 | Debug    | server.py:472             | AutoBuild: 2026041318_000 (target 2026041318)
2026-04-14 11:55:57 | Debug    | server.py:472             | AutoBuild: 2026041400_000 (target 2026041400)
2026-04-14 11:55:57 | Debug    | server.py:472             | AutoBuild: 2026041400_001 (target 2026041401)
2026-04-14 11:55:57 | Debug    | server.py:472             | AutoBuild: 2026041400_002 (target 2026041402)
2026-04-14 11:55:58 | Debug    | server.py:472             | AutoBuild: 2026041403_000 (target 2026041403)
2026-04-14 11:55:58 | Debug    | server.py:472             | AutoBuild: 2026041403_001 (target 2026041404)
2026-04-14 11:55:58 | Debug    | server.py:472             | AutoBuild: 2026041403_002 (target 2026041405)
2026-04-14 11:55:58 | Debug    | server.py:472             | AutoBuild: 2026041406_000 (target 2026041406)
2026-04-14 11:55:58 | Debug    | server.py:472             | AutoBuild: 2026041406_001 (target 2026041407)
2026-04-14 11:55:58 | Debug    | server.py:472             | AutoBuild: 2026041406_002 (target 2026041408)
2026-04-14 11:55:58 | Debug    | server.py:472             | AutoBuild: 2026041409_000 (target 2026041409)
2026-04-14 11:55:58 | Debug    | server.py:472             | AutoBuild: 2026041409_001 (target 2026041410)
2026-04-14 11:55:58 | Debug    | server.py:472             | AutoBuild: 2026041409_002 (target 2026041411)
2026-04-14 11:55:58 | Debug    | server.py:472             | AutoBuild: 2026041409_003 (target 2026041412)
2026-04-14 11:55:58 | Debug    | server.py:472             | AutoBuild: 2026041409_004 (target 2026041413)
2026-04-14 11:55:58 | Debug    | server.py:472             | AutoBuild: 2026041409_005 (target 2026041414)
2026-04-14 11:55:58 | Debug    | server.py:472             | AutoBuild: 2026041406_009 (target 2026041415)
2026-04-14 11:55:58 | Debug    | server.py:472             | AutoBuild: 2026041406_010 (target 2026041416)
2026-04-14 11:55:58 | Debug    | server.py:472             | AutoBuild: 2026041406_011 (target 2026041417)
2026-04-14 11:55:58 | Debug    | server.py:472             | AutoBuild: 2026041406_012 (target 2026041418)
2026-04-14 11:55:58 | Debug    | server.py:472             | AutoBuild: 2026041406_013 (target 2026041419)
2026-04-14 11:55:58 | Debug    | server.py:472             | AutoBuild: 2026041406_014 (target 2026041420)
2026-04-14 11:55:58 | Debug    | server.py:472             | AutoBuild: 2026041406_015 (target 2026041421)
2026-04-14 11:55:58 | Debug    | server.py:472             | AutoBuild: 2026041406_016 (target 2026041422)
2026-04-14 11:55:58 | Debug    | server.py:472             | AutoBuild: 2026041406_017 (target 2026041423)
2026-04-14 11:55:58 | Debug    | server.py:472             | AutoBuild: 2026041406_024 (target 2026041506)
2026-04-14 11:55:58 | Debug    | server.py:472             | AutoBuild: 2026041406_030 (target 2026041512)
2026-04-14 11:55:58 | Debug    | server.py:472             | AutoBuild: 2026041406_036 (target 2026041518)
2026-04-14 11:55:58 | Debug    | server.py:472             | AutoBuild: 2026041406_048 (target 2026041606)
2026-04-14 11:55:58 | Info     | server.py:474             | AutoBuild done: 30 added, 0 replaced
2026-04-14 11:55:58 | Info     | server.py:531             | Scheduler: next maintenance at 2026-04-14 16:30 UTC
2026-04-14 11:55:58 | Info     | server.py:291             | Processing: run 2026041312 +0h (queue: 29 remaining)
2026-04-14 11:55:58 | Info     | server.py:291             | Processing: run 2026041318 +0h (queue: 28 remaining)
2026-04-14 11:55:58 | Info     | server.py:291             | Processing: run 2026041400 +0h (queue: 27 remaining)
2026-04-14 11:57:35 | Info     | server.py:541             |  =========================================== 
2026-04-14 11:57:35 | Info     | server.py:542             |  === weBIGeo Cloud Server v1.2.1 started === 
2026-04-14 11:57:35 | Info     | server.py:543             |  =========================================== 
2026-04-14 11:57:35 | Info     | server.py:516             | Scheduler: running maintenance
2026-04-14 11:57:35 | Info     | server.py:555             | Starting waitress server on http://127.0.0.1:8000
2026-04-14 11:57:35 | Debug    | server.py:496             | Purge: 2026041312_000 (invalid/incomplete)
2026-04-14 11:57:35 | Debug    | server.py:496             | Purge: 2026041318_000 (invalid/incomplete)
2026-04-14 11:57:35 | Debug    | server.py:496             | Purge: 2026041400_000 (invalid/incomplete)
2026-04-14 11:57:35 | Info     | server.py:512             | Purge: removed 3 tile set(s)
2026-04-15 17:50:20 | Info     | server.py:609             |  =========================================== 
2026-04-15 17:50:20 | Info     | server.py:610             |  === weBIGeo Cloud Server v1.2.1 started === 
2026-04-15 17:50:20 | Info     | server.py:611             |  =========================================== 
2026-04-15 17:50:20 | Info     | server.py:565             | Scheduler: running maintenance
2026-04-15 17:50:20 | Info     | server.py:623             | Starting waitress server on http://127.0.0.1:8000
2026-04-15 17:50:20 | Debug    | server.py:529             | Purge: 2026040718_000 (hour 18 not in retention policy hours [12])
2026-04-15 17:50:20 | Debug    | server.py:529             | Purge: 2026040721_000 (hour 21 not in retention policy hours [12])
2026-04-15 17:50:20 | Info     | server.py:533             | Purge: removed 2 tile set(s)
2026-04-15 17:52:18 | Info     | server.py:609             |  =========================================== 
2026-04-15 17:52:18 | Info     | server.py:610             |  === weBIGeo Cloud Server v1.2.1 started === 
2026-04-15 17:52:18 | Info     | server.py:611             |  =========================================== 
2026-04-15 17:52:18 | Info     | server.py:565             | Scheduler: running maintenance
2026-04-15 17:52:18 | Info     | server.py:623             | Starting waitress server on http://127.0.0.1:8000
2026-04-15 17:52:18 | Info     | server.py:533             | Purge: removed 0 tile set(s)
2026-04-15 17:52:18 | Info     | server.py:494             | AutoBuild done: 0 added
2026-04-15 17:52:18 | Info     | server.py:584             | Maintenance completed in 0.0min:
 - 0 added (none)
 - 0 purged (none)
 - 0 renewed (none)
2026-04-15 17:52:18 | Info     | server.py:598             | Scheduler: next maintenance at 2026-04-15 16:30 UTC
2026-04-15 17:53:18 | Info     | server.py:609             |  =========================================== 
2026-04-15 17:53:18 | Info     | server.py:610             |  === weBIGeo Cloud Server v1.2.1 started === 
2026-04-15 17:53:18 | Info     | server.py:611             |  =========================================== 
2026-04-15 17:53:18 | Info     | server.py:565             | Scheduler: running maintenance
2026-04-15 17:53:18 | Info     | server.py:623             | Starting waitress server on http://127.0.0.1:8000
2026-04-15 17:53:18 | Debug    | server.py:529             | Purge: 2026040806_000 (hour 6 not in retention policy hours [0, 3])
2026-04-15 17:53:18 | Debug    | server.py:529             | Purge: 2026040809_000 (hour 9 not in retention policy hours [0, 3])
2026-04-15 17:53:18 | Debug    | server.py:529             | Purge: 2026040812_000 (hour 12 not in retention policy hours [0, 3])
2026-04-15 17:53:19 | Debug    | server.py:529             | Purge: 2026040815_000 (hour 15 not in retention policy hours [0, 3])
2026-04-15 17:53:19 | Debug    | server.py:529             | Purge: 2026040818_000 (hour 18 not in retention policy hours [0, 3])
2026-04-15 17:53:19 | Debug    | server.py:529             | Purge: 2026040821_000 (hour 21 not in retention policy hours [0, 3])
2026-04-15 17:53:19 | Debug    | server.py:529             | Purge: 2026040906_000 (hour 6 not in retention policy hours [0, 3])
2026-04-15 17:53:19 | Debug    | server.py:529             | Purge: 2026040909_000 (hour 9 not in retention policy hours [0, 3])
2026-04-15 17:53:19 | Debug    | server.py:529             | Purge: 2026040909_045 (hour 6 not in retention policy hours [0, 3])
2026-04-15 17:53:19 | Debug    | server.py:529             | Purge: 2026040912_000 (hour 12 not in retention policy hours [0, 3])
2026-04-15 17:53:19 | Debug    | server.py:529             | Purge: 2026040912_003 (hour 15 not in retention policy hours [0, 3])
2026-04-15 17:53:19 | Debug    | server.py:529             | Purge: 2026040912_006 (hour 18 not in retention policy hours [0, 3])
2026-04-15 17:53:19 | Debug    | server.py:529             | Purge: 2026040912_009 (hour 21 not in retention policy hours [0, 3])
2026-04-15 17:53:20 | Debug    | server.py:529             | Purge: 2026040912_018 (hour 6 not in retention policy hours [0, 3])
2026-04-15 17:53:20 | Debug    | server.py:529             | Purge: 2026040912_024 (hour 12 not in retention policy hours [0, 3])
2026-04-15 17:53:20 | Debug    | server.py:529             | Purge: 2026040912_030 (hour 18 not in retention policy hours [0, 3])
2026-04-15 17:53:20 | Debug    | server.py:529             | Purge: 2026041315_000 (hour 15 not in retention policy hours [0, 3])
2026-04-15 17:53:20 | Debug    | server.py:529             | Purge: 2026041321_000 (hour 21 not in retention policy hours [0, 3])
2026-04-15 17:53:20 | Info     | server.py:533             | Purge: removed 18 tile set(s)
2026-04-15 17:53:20 | Info     | server.py:494             | AutoBuild done: 0 added
2026-04-15 17:53:20 | Info     | server.py:584             | Maintenance completed in 0.0min:
 - 0 added (none)
 - 18 purged (2026040806_000, 2026040809_000, 2026040812_000, 2026040815_000, 2026040818_000, 2026040821_000, 2026040906_000, 2026040909_000, 2026040909_045, 2026040912_000, 2026040912_003, 2026040912_006, 2026040912_009, 2026040912_018, 2026040912_024, 2026040912_030, 2026041315_000, 2026041321_000)
 - 0 renewed (none)
2026-04-15 17:53:20 | Info     | server.py:598             | Scheduler: next maintenance at 2026-04-15 16:30 UTC
2026-04-15 17:54:45 | Info     | server.py:609             |  =========================================== 
2026-04-15 17:54:45 | Info     | server.py:610             |  === weBIGeo Cloud Server v1.2.1 started === 
2026-04-15 17:54:45 | Info     | server.py:611             |  =========================================== 
2026-04-15 17:54:45 | Info     | server.py:565             | Scheduler: running maintenance
2026-04-15 17:54:45 | Info     | server.py:623             | Starting waitress server on http://127.0.0.1:8000
2026-04-15 17:54:45 | Info     | server.py:533             | Purge: removed 0 tile set(s)
2026-04-15 17:54:45 | Info     | server.py:494             | AutoBuild done: 0 added
2026-04-15 17:54:45 | Info     | server.py:584             | Maintenance completed in 0.0min:
 - 0 added (none)
 - 0 purged (none)
 - 0 renewed (none)
2026-04-15 17:54:45 | Info     | server.py:598             | Scheduler: next maintenance at 2026-04-15 16:30 UTC
2026-04-15 17:55:08 | Info     | server.py:609             |  =========================================== 
2026-04-15 17:55:08 | Info     | server.py:610             |  === weBIGeo Cloud Server v1.2.1 started === 
2026-04-15 17:55:08 | Info     | server.py:611             |  =========================================== 
2026-04-15 17:55:08 | Info     | server.py:565             | Scheduler: running maintenance
2026-04-15 17:55:08 | Info     | server.py:623             | Starting waitress server on http://127.0.0.1:8000
2026-04-15 17:55:08 | Info     | server.py:533             | Purge: removed 0 tile set(s)
2026-04-15 17:55:17 | Debug    | server.py:492             | AutoBuild: 2026041500_000 (target 2026041500)
2026-04-15 17:55:17 | Debug    | server.py:492             | AutoBuild: 2026041503_000 (target 2026041503)
2026-04-15 17:55:17 | Info     | server.py:494             | AutoBuild done: 2 added
2026-04-15 17:55:17 | Info     | server.py:598             | Scheduler: next maintenance at 2026-04-15 16:30 UTC
2026-04-15 17:55:17 | Info     | server.py:294             | Processing: run 2026041503 +0h (queue: 0 remaining)
2026-04-15 17:55:17 | Info     | server.py:294             | Processing: run 2026041500 +0h (queue: 1 remaining)
2026-04-15 17:56:36 | Info     | server.py:322             | Done: run 2026041503 +0h (78.6s)
2026-04-15 17:57:04 | Info     | server.py:322             | Done: run 2026041500 +0h (106.5s)
2026-04-15 17:57:04 | Info     | server.py:559             | Maintenance completed in 1.9min:
 - 2 added (2026041500_000, 2026041503_000)
 - 0 purged (none)
 - 0 renewed (none)
2026-04-15 18:07:04 | Info     | server.py:605             |  ========================================= 
2026-04-15 18:07:04 | Info     | server.py:606             |  === weBIGeo Cloud Server v1.3 started === 
2026-04-15 18:07:04 | Info     | server.py:607             |  ========================================= 
2026-04-15 18:07:04 | Info     | server.py:561             | Scheduler: running maintenance
2026-04-15 18:07:04 | Info     | server.py:619             | Starting waitress server on http://127.0.0.1:8000
2026-04-15 18:07:04 | Info     | server.py:533             | Purge: removed 0 tile set(s)
2026-04-15 18:07:12 | Debug    | server.py:492             | AutoBuild: 2026041500_000 (target 2026041500)
2026-04-15 18:07:12 | Debug    | server.py:492             | AutoBuild: 2026041503_000 (target 2026041503)
2026-04-15 18:07:12 | Info     | server.py:494             | AutoBuild done: 2 added
2026-04-15 18:07:12 | Info     | server.py:594             | Scheduler: next maintenance at 2026-04-15 16:30 UTC
2026-04-15 18:07:12 | Info     | server.py:294             | Processing: run 2026041503 +0h (queue: 0 remaining)
2026-04-15 18:07:12 | Info     | server.py:294             | Processing: run 2026041500 +0h (queue: 1 remaining)
2026-04-15 18:08:25 | Info     | server.py:322             | Done: run 2026041500 +0h (72.7s)
2026-04-15 18:08:55 | Info     | server.py:322             | Done: run 2026041503 +0h (103.2s)
2026-04-15 18:08:55 | Info     | server.py:555             | Maintenance completed in {elapsed:.1f}min
2026-04-15 18:12:26 | Info     | server.py:605             |  ========================================= 
2026-04-15 18:12:26 | Info     | server.py:606             |  === weBIGeo Cloud Server v1.3 started === 
2026-04-15 18:12:26 | Info     | server.py:607             |  ========================================= 
2026-04-15 18:12:26 | Info     | server.py:561             | Scheduler: running maintenance
2026-04-15 18:12:26 | Info     | server.py:619             | Starting waitress server on http://127.0.0.1:8000
2026-04-15 18:12:26 | Info     | server.py:533             | Purge: removed 0 tile set(s)
2026-04-15 18:12:34 | Info     | server.py:494             | AutoBuild done: 0 added
2026-04-15 18:12:34 | Info     | server.py:577             | Maintenance completed in 0.1min:
2026-04-15 18:12:34 | Info     | server.py:594             | Scheduler: next maintenance at 2026-04-15 16:30 UTC
2026-04-15 18:17:34 | Info     | server.py:605             |  ========================================= 
2026-04-15 18:17:34 | Info     | server.py:606             |  === weBIGeo Cloud Server v1.3 started === 
2026-04-15 18:17:34 | Info     | server.py:607             |  ========================================= 
2026-04-15 18:17:34 | Info     | server.py:561             | Scheduler: running maintenance
2026-04-15 18:17:34 | Info     | server.py:619             | Starting waitress server on http://127.0.0.1:8000
2026-04-15 18:17:34 | Info     | server.py:533             | Purge: removed 0 tile set(s)
2026-04-15 18:17:42 | Debug    | server.py:492             | AutoBuild: 2026041500_000 (target 2026041500)
2026-04-15 18:17:43 | Debug    | server.py:492             | AutoBuild: 2026041503_000 (target 2026041503)
2026-04-15 18:17:43 | Info     | server.py:494             | AutoBuild done: 2 added
2026-04-15 18:17:43 | Info     | server.py:594             | Scheduler: next maintenance at 2026-04-15 16:30 UTC
2026-04-15 18:17:43 | Info     | server.py:294             | Processing: run 2026041500 +0h (queue: 1 remaining)
2026-04-15 18:17:43 | Info     | server.py:294             | Processing: run 2026041503 +0h (queue: 0 remaining)
2026-04-15 18:18:53 | Info     | server.py:322             | Done: run 2026041503 +0h (70.6s)
2026-04-15 18:19:24 | Info     | server.py:322             | Done: run 2026041500 +0h (101.3s)
2026-04-15 18:19:24 | Info     | server.py:555             | Maintenance completed in {elapsed:.1f}min
2026-04-15 18:29:08 | Info     | server.py:601             |  ========================================= 
2026-04-15 18:29:08 | Info     | server.py:602             |  === weBIGeo Cloud Server v1.3 started === 
2026-04-15 18:29:08 | Info     | server.py:603             |  ========================================= 
2026-04-15 18:29:08 | Info     | server.py:561             | Scheduler: running maintenance
2026-04-15 18:29:08 | Info     | server.py:615             | Starting waitress server on http://127.0.0.1:8000
2026-04-15 18:29:08 | Info     | server.py:533             | Purge: removed 0 tile set(s)
2026-04-15 18:29:12 | Debug    | server.py:492             | AutoBuild: 2026041500_000 (target 2026041500)
2026-04-15 18:29:12 | Debug    | server.py:492             | AutoBuild: 2026041503_000 (target 2026041503)
2026-04-15 18:29:12 | Info     | server.py:494             | AutoBuild done: 2 added
2026-04-15 18:29:12 | Info     | server.py:590             | Scheduler: next maintenance at 2026-04-15 16:30 UTC
2026-04-15 18:29:12 | Info     | server.py:294             | Processing: run 2026041500 +0h (queue: 1 remaining)
2026-04-15 18:29:12 | Info     | server.py:294             | Processing: run 2026041503 +0h (queue: 0 remaining)
2026-04-15 18:30:00 | Info     | server.py:561             | Scheduler: running maintenance
2026-04-15 18:30:00 | Info     | server.py:533             | Purge: removed 0 tile set(s)
2026-04-15 18:30:00 | Info     | server.py:494             | AutoBuild done: 0 added
2026-04-15 18:30:00 | Info     | server.py:576             | Maintenance completed in 0.0 min
2026-04-15 18:30:00 | Info     | server.py:590             | Scheduler: next maintenance at 2026-04-16 00:30 UTC
2026-04-15 18:30:27 | Info     | server.py:322             | Done: run 2026041503 +0h (74.3s)
2026-04-15 18:30:52 | Info     | server.py:322             | Done: run 2026041500 +0h (100.0s)
2026-04-15 18:30:52 | Info     | server.py:555             | Maintenance completed in 1.7 min
2026-04-15 18:35:34 | Info     | server.py:601             |  ========================================= 
2026-04-15 18:35:34 | Info     | server.py:602             |  === weBIGeo Cloud Server v1.3 started === 
2026-04-15 18:35:34 | Info     | server.py:603             |  ========================================= 
2026-04-15 18:35:34 | Info     | server.py:561             | Scheduler: running maintenance
2026-04-15 18:35:34 | Info     | server.py:615             | Starting waitress server on http://127.0.0.1:8000
2026-04-15 18:35:34 | Info     | server.py:533             | Purge: removed 0 tile set(s)
2026-04-15 18:35:38 | Info     | server.py:494             | AutoBuild done: 0 added
2026-04-15 18:35:38 | Info     | server.py:576             | Maintenance completed in 0.1 min
2026-04-15 18:35:38 | Info     | server.py:590             | Scheduler: next maintenance at 2026-04-16 00:30 UTC
2026-04-15 18:43:20 | Info     | server.py:605             |  ========================================= 
2026-04-15 18:43:20 | Info     | server.py:606             |  === weBIGeo Cloud Server v1.3 started === 
2026-04-15 18:43:20 | Info     | server.py:607             |  ========================================= 
2026-04-15 18:43:20 | Info     | server.py:563             | Scheduler: running maintenance
2026-04-15 18:43:20 | Info     | server.py:619             | Starting waitress server on http://127.0.0.1:8000
2026-04-15 18:43:20 | Info     | server.py:533             | Purge: removed 0 tile set(s)
2026-04-15 18:43:24 | Info     | server.py:494             | AutoBuild done: 0 added
2026-04-15 18:43:24 | Info     | server.py:580             | 16:43 UTC Maintenance completed after 0.1 min
2026-04-15 18:43:24 | Info     | server.py:594             | Scheduler: next maintenance at 2026-04-16 00:30 UTC
2026-04-15 18:50:55 | Info     | server.py:605             |  ========================================= 
2026-04-15 18:50:55 | Info     | server.py:606             |  === weBIGeo Cloud Server v1.3 started === 
2026-04-15 18:50:55 | Info     | server.py:607             |  ========================================= 
2026-04-15 18:50:55 | Info     | server.py:563             | Scheduler: running maintenance
2026-04-15 18:50:55 | Info     | server.py:619             | Starting waitress server on http://127.0.0.1:8000
2026-04-15 18:50:55 | Info     | server.py:533             | Purge: removed 0 tile set(s)
2026-04-15 18:51:13 | Debug    | server.py:492             | AutoBuild: 2026041503_000 (target 2026041503)
2026-04-15 18:51:13 | Info     | server.py:494             | AutoBuild done: 1 added
2026-04-15 18:51:13 | Info     | server.py:594             | Scheduler: next maintenance at 2026-04-16 00:30 UTC
2026-04-15 18:51:13 | Info     | server.py:294             | Processing: run 2026041503 +0h (queue: 0 remaining)
2026-04-15 18:52:19 | Info     | server.py:322             | Done: run 2026041503 +0h (65.8s)
2026-04-15 18:52:19 | Info     | server.py:556             | 16:50 UTC Maintenance completed after 1.4 min
2026-04-15 18:55:19 | Info     | server.py:605             |  ========================================= 
2026-04-15 18:55:19 | Info     | server.py:606             |  === weBIGeo Cloud Server v1.3 started === 
2026-04-15 18:55:19 | Info     | server.py:607             |  ========================================= 
2026-04-15 18:55:19 | Info     | server.py:563             | Scheduler: running maintenance
2026-04-15 18:55:19 | Info     | server.py:619             | Starting waitress server on http://127.0.0.1:8000
2026-04-15 18:55:19 | Info     | server.py:533             | Purge: removed 0 tile set(s)
2026-04-15 18:55:23 | Debug    | server.py:492             | AutoBuild: 2026041503_000 (target 2026041503)
2026-04-15 18:55:23 | Info     | server.py:494             | AutoBuild done: 1 added
2026-04-15 18:55:23 | Info     | server.py:594             | Scheduler: next maintenance at 2026-04-16 00:30 UTC
2026-04-15 18:55:23 | Info     | server.py:294             | Processing: run 2026041503 +0h (queue: 0 remaining)
2026-04-15 18:56:26 | Info     | server.py:322             | Done: run 2026041503 +0h (63.4s)
2026-04-15 18:56:26 | Info     | server.py:556             | Startup Maintenance completed after 1.1 min
2026-04-15 19:06:42 | Info     | server.py:648             |  ========================================= 
2026-04-15 19:06:42 | Info     | server.py:649             |  === weBIGeo Cloud Server v1.3 started === 
2026-04-15 19:06:42 | Info     | server.py:650             |  ========================================= 
2026-04-15 19:06:42 | Info     | server.py:606             | Scheduler: running maintenance
2026-04-15 19:06:42 | Info     | server.py:663             | Starting waitress server on http://127.0.0.1:8000
2026-04-15 19:06:42 | Info     | server.py:576             | Purge: removed 0 tile set(s)
2026-04-15 19:06:46 | Info     | server.py:537             | AutoBuild done: 0 added
2026-04-15 19:06:46 | Info     | server.py:623             | Startup Maintenance completed after 0.1 min
2026-04-15 19:06:46 | Info     | server.py:637             | Scheduler: next maintenance at 2026-04-16 00:30 UTC
2026-04-15 19:08:07 | Info     | server.py:648             |  ========================================= 
2026-04-15 19:08:07 | Info     | server.py:649             |  === weBIGeo Cloud Server v1.3 started === 
2026-04-15 19:08:07 | Info     | server.py:650             |  ========================================= 
2026-04-15 19:08:07 | Info     | server.py:606             | Scheduler: running maintenance
2026-04-15 19:08:07 | Info     | server.py:663             | Starting waitress server on http://127.0.0.1:8000
2026-04-15 19:08:07 | Info     | server.py:576             | Purge: removed 0 tile set(s)
2026-04-15 19:08:11 | Debug    | server.py:535             | AutoBuild: 2026041503_000 (target 2026041503)
2026-04-15 19:08:11 | Info     | server.py:537             | AutoBuild done: 1 added
2026-04-15 19:08:11 | Info     | server.py:637             | Scheduler: next maintenance at 2026-04-16 00:30 UTC
2026-04-15 19:08:11 | Info     | server.py:329             | Processing: run 2026041503 +0h (queue: 0 remaining)
2026-04-15 19:09:16 | Info     | server.py:357             | Done: run 2026041503 +0h (65.2s)
2026-04-15 19:09:16 | Info     | server.py:599             | Startup Maintenance completed after 1.2 min
2026-04-15 19:09:55 | Info     | server.py:648             |  ========================================= 
2026-04-15 19:09:55 | Info     | server.py:649             |  === weBIGeo Cloud Server v1.3 started === 
2026-04-15 19:09:55 | Info     | server.py:650             |  ========================================= 
2026-04-15 19:09:55 | Info     | server.py:606             | Scheduler: running maintenance
2026-04-15 19:09:55 | Info     | server.py:663             | Starting waitress server on http://127.0.0.1:8000
2026-04-15 19:09:55 | Info     | server.py:576             | Purge: removed 0 tile set(s)
2026-04-15 19:09:59 | Debug    | server.py:535             | AutoBuild: 2026041503_000 (target 2026041503)
2026-04-15 19:09:59 | Info     | server.py:537             | AutoBuild done: 1 added
2026-04-15 19:09:59 | Info     | server.py:637             | Scheduler: next maintenance at 2026-04-16 00:30 UTC
2026-04-15 19:09:59 | Warning  | server.py:292             | Tile cache size (0.2 GB) exceeds limit (0 GB), skipping 2026041503+0h
2026-04-15 19:10:49 | Info     | server.py:648             |  ========================================= 
2026-04-15 19:10:49 | Info     | server.py:649             |  === weBIGeo Cloud Server v1.3 started === 
2026-04-15 19:10:49 | Info     | server.py:650             |  ========================================= 
2026-04-15 19:10:49 | Info     | server.py:606             | Scheduler: running maintenance
2026-04-15 19:10:49 | Info     | server.py:663             | Starting waitress server on http://127.0.0.1:8000
2026-04-15 19:10:49 | Info     | server.py:576             | Purge: removed 0 tile set(s)
2026-04-15 19:10:53 | Debug    | server.py:535             | AutoBuild: 2026041503_000 (target 2026041503)
2026-04-15 19:10:53 | Info     | server.py:537             | AutoBuild done: 1 added
2026-04-15 19:10:53 | Info     | server.py:637             | Scheduler: next maintenance at 2026-04-16 00:30 UTC
2026-04-15 19:10:53 | Info     | server.py:329             | Processing: run 2026041503 +0h (queue: 0 remaining)
2026-04-15 19:11:57 | Info     | server.py:357             | Done: run 2026041503 +0h (64.1s)
2026-04-15 19:11:57 | Info     | server.py:599             | Startup Maintenance completed after 1.1 min
2026-04-15 19:17:08 | Info     | server.py:658             |  ========================================= 
2026-04-15 19:17:08 | Info     | server.py:659             |  === weBIGeo Cloud Server v1.3 started === 
2026-04-15 19:17:08 | Info     | server.py:660             |  ========================================= 
2026-04-15 19:17:08 | Info     | server.py:616             | Scheduler: running maintenance
2026-04-15 19:17:08 | Info     | server.py:673             | Starting waitress server on http://127.0.0.1:8000
2026-04-15 19:17:08 | Info     | server.py:586             | Purge: removed 0 tile set(s)
2026-04-15 19:17:11 | Info     | server.py:547             | AutoBuild done: 0 added
2026-04-15 19:17:11 | Info     | server.py:633             | Startup Maintenance completed after 0.1 min
2026-04-15 19:17:11 | Info     | server.py:647             | Scheduler: next maintenance at 2026-04-16 00:30 UTC
2026-04-15 19:23:09 | Info     | server.py:653             |  ========================================= 
2026-04-15 19:23:09 | Info     | server.py:654             |  === weBIGeo Cloud Server v1.3 started === 
2026-04-15 19:23:09 | Info     | server.py:655             |  ========================================= 
2026-04-15 19:23:09 | Info     | server.py:611             | Scheduler: running maintenance
2026-04-15 19:23:09 | Info     | server.py:668             | Starting waitress server on http://127.0.0.1:8000
2026-04-15 19:23:09 | Info     | server.py:581             | Purge: removed 0 tile set(s)
2026-04-15 19:23:26 | Debug    | server.py:540             | AutoBuild: 2026041418_000 (target 2026041418)
2026-04-15 19:23:26 | Debug    | server.py:540             | AutoBuild: 2026041421_000 (target 2026041421)
2026-04-15 19:23:26 | Debug    | server.py:540             | AutoBuild: 2026041500_001 (target 2026041501)
2026-04-15 19:23:26 | Debug    | server.py:540             | AutoBuild: 2026041500_002 (target 2026041502)
2026-04-15 19:23:26 | Debug    | server.py:540             | AutoBuild: 2026041503_001 (target 2026041504)
2026-04-15 19:23:26 | Debug    | server.py:540             | AutoBuild: 2026041503_002 (target 2026041505)
2026-04-15 19:23:27 | Debug    | server.py:540             | AutoBuild: 2026041506_000 (target 2026041506)
2026-04-15 19:23:27 | Debug    | server.py:540             | AutoBuild: 2026041506_001 (target 2026041507)
2026-04-15 19:23:27 | Debug    | server.py:540             | AutoBuild: 2026041506_002 (target 2026041508)
2026-04-15 19:23:27 | Debug    | server.py:540             | AutoBuild: 2026041509_000 (target 2026041509)
2026-04-15 19:23:27 | Debug    | server.py:540             | AutoBuild: 2026041509_001 (target 2026041510)
2026-04-15 19:23:27 | Debug    | server.py:540             | AutoBuild: 2026041509_002 (target 2026041511)
2026-04-15 19:23:27 | Debug    | server.py:540             | AutoBuild: 2026041512_000 (target 2026041512)
2026-04-15 19:23:27 | Debug    | server.py:540             | AutoBuild: 2026041512_001 (target 2026041513)
2026-04-15 19:23:27 | Debug    | server.py:540             | AutoBuild: 2026041512_002 (target 2026041514)
2026-04-15 19:23:27 | Debug    | server.py:540             | AutoBuild: 2026041515_000 (target 2026041515)
2026-04-15 19:23:27 | Debug    | server.py:540             | AutoBuild: 2026041515_001 (target 2026041516)
2026-04-15 19:23:27 | Debug    | server.py:540             | AutoBuild: 2026041515_002 (target 2026041517)
2026-04-15 19:23:27 | Debug    | server.py:540             | AutoBuild: 2026041515_003 (target 2026041518)
2026-04-15 19:23:27 | Debug    | server.py:540             | AutoBuild: 2026041515_004 (target 2026041519)
2026-04-15 19:23:27 | Debug    | server.py:540             | AutoBuild: 2026041515_005 (target 2026041520)
2026-04-15 19:23:27 | Debug    | server.py:540             | AutoBuild: 2026041515_006 (target 2026041521)
2026-04-15 19:23:27 | Debug    | server.py:540             | AutoBuild: 2026041515_007 (target 2026041522)
2026-04-15 19:23:27 | Debug    | server.py:540             | AutoBuild: 2026041515_008 (target 2026041523)
2026-04-15 19:23:27 | Debug    | server.py:540             | AutoBuild: 2026041515_015 (target 2026041606)
2026-04-15 19:23:27 | Debug    | server.py:540             | AutoBuild: 2026041515_021 (target 2026041612)
2026-04-15 19:23:27 | Debug    | server.py:540             | AutoBuild: 2026041515_027 (target 2026041618)
2026-04-15 19:23:27 | Debug    | server.py:540             | AutoBuild: 2026041515_039 (target 2026041706)
2026-04-15 19:23:27 | Debug    | server.py:540             | AutoBuild: 2026041515_045 (target 2026041712)
2026-04-15 19:23:27 | Info     | server.py:542             | AutoBuild done: 29 added
2026-04-15 19:23:27 | Info     | server.py:642             | Scheduler: next maintenance at 2026-04-16 00:30 UTC
2026-04-15 19:23:27 | Info     | server.py:334             | Processing: run 2026041418 +0h (queue: 28 remaining)
2026-04-15 19:23:27 | Info     | server.py:334             | Processing: run 2026041500 +1h (queue: 26 remaining)
2026-04-15 19:23:27 | Info     | server.py:334             | Processing: run 2026041421 +0h (queue: 27 remaining)
2026-04-15 19:24:41 | Info     | server.py:362             | Done: run 2026041421 +0h (73.6s)
2026-04-15 19:24:41 | Info     | server.py:334             | Processing: run 2026041500 +2h (queue: 25 remaining)
2026-04-15 19:25:26 | Info     | server.py:362             | Done: run 2026041500 +1h (118.3s)
2026-04-15 19:25:26 | Info     | server.py:334             | Processing: run 2026041503 +1h (queue: 24 remaining)
2026-04-15 19:26:05 | Info     | server.py:362             | Done: run 2026041418 +0h (157.5s)
2026-04-15 19:26:05 | Info     | server.py:334             | Processing: run 2026041503 +2h (queue: 23 remaining)
2026-04-15 19:26:38 | Info     | server.py:362             | Done: run 2026041500 +2h (117.6s)
2026-04-15 19:26:38 | Info     | server.py:334             | Processing: run 2026041506 +0h (queue: 22 remaining)
2026-04-15 19:27:07 | Info     | server.py:362             | Done: run 2026041503 +1h (101.4s)
2026-04-15 19:27:07 | Info     | server.py:334             | Processing: run 2026041506 +1h (queue: 21 remaining)
2026-04-15 19:27:15 | Info     | server.py:656             |  ========================================= 
2026-04-15 19:27:15 | Info     | server.py:657             |  === weBIGeo Cloud Server v1.3 started === 
2026-04-15 19:27:15 | Info     | server.py:658             |  ========================================= 
2026-04-15 19:27:15 | Info     | server.py:614             | Scheduler: running maintenance
2026-04-15 19:27:15 | Info     | server.py:671             | Starting waitress server on http://127.0.0.1:8000
2026-04-15 19:27:15 | Debug    | server.py:568             | Purge: 2026041503_002 (invalid/incomplete)
2026-04-15 19:27:16 | Debug    | server.py:568             | Purge: 2026041506_000 (invalid/incomplete)
2026-04-15 19:27:16 | Debug    | server.py:568             | Purge: 2026041506_001 (invalid/incomplete)
2026-04-15 19:27:16 | Info     | server.py:584             | Purge: removed 3 tile set(s)
2026-04-15 19:27:33 | Debug    | server.py:543             | AutoBuild: 2026041503_002 (target 2026041505)
2026-04-15 19:27:33 | Debug    | server.py:543             | AutoBuild: 2026041506_000 (target 2026041506)
2026-04-15 19:27:33 | Debug    | server.py:543             | AutoBuild: 2026041506_001 (target 2026041507)
2026-04-15 19:27:33 | Debug    | server.py:543             | AutoBuild: 2026041506_002 (target 2026041508)
2026-04-15 19:27:33 | Debug    | server.py:543             | AutoBuild: 2026041509_000 (target 2026041509)
2026-04-15 19:27:33 | Debug    | server.py:543             | AutoBuild: 2026041509_001 (target 2026041510)
2026-04-15 19:27:33 | Debug    | server.py:543             | AutoBuild: 2026041509_002 (target 2026041511)
2026-04-15 19:27:34 | Debug    | server.py:543             | AutoBuild: 2026041512_000 (target 2026041512)
2026-04-15 19:27:34 | Debug    | server.py:543             | AutoBuild: 2026041512_001 (target 2026041513)
2026-04-15 19:27:34 | Debug    | server.py:543             | AutoBuild: 2026041512_002 (target 2026041514)
2026-04-15 19:27:34 | Debug    | server.py:543             | AutoBuild: 2026041515_000 (target 2026041515)
2026-04-15 19:27:34 | Debug    | server.py:543             | AutoBuild: 2026041515_001 (target 2026041516)
2026-04-15 19:27:34 | Debug    | server.py:543             | AutoBuild: 2026041515_002 (target 2026041517)
2026-04-15 19:27:34 | Debug    | server.py:543             | AutoBuild: 2026041515_003 (target 2026041518)
2026-04-15 19:27:34 | Debug    | server.py:543             | AutoBuild: 2026041515_004 (target 2026041519)
2026-04-15 19:27:34 | Debug    | server.py:543             | AutoBuild: 2026041515_005 (target 2026041520)
2026-04-15 19:27:34 | Debug    | server.py:543             | AutoBuild: 2026041515_006 (target 2026041521)
2026-04-15 19:27:34 | Debug    | server.py:543             | AutoBuild: 2026041515_007 (target 2026041522)
2026-04-15 19:27:34 | Debug    | server.py:543             | AutoBuild: 2026041515_008 (target 2026041523)
2026-04-15 19:27:34 | Debug    | server.py:543             | AutoBuild: 2026041515_015 (target 2026041606)
2026-04-15 19:27:34 | Debug    | server.py:543             | AutoBuild: 2026041515_021 (target 2026041612)
2026-04-15 19:27:34 | Debug    | server.py:543             | AutoBuild: 2026041515_027 (target 2026041618)
2026-04-15 19:27:34 | Debug    | server.py:543             | AutoBuild: 2026041515_039 (target 2026041706)
2026-04-15 19:27:34 | Debug    | server.py:543             | AutoBuild: 2026041515_045 (target 2026041712)
2026-04-15 19:27:34 | Info     | server.py:545             | AutoBuild done: 24 added
2026-04-15 19:27:34 | Info     | server.py:645             | Scheduler: next maintenance at 2026-04-16 00:30 UTC
2026-04-15 19:27:34 | Info     | server.py:337             | Processing: run 2026041506 +0h (queue: 22 remaining)
2026-04-15 19:27:34 | Info     | server.py:337             | Processing: run 2026041503 +2h (queue: 23 remaining)
2026-04-15 19:27:34 | Info     | server.py:337             | Processing: run 2026041506 +1h (queue: 21 remaining)
2026-04-15 20:18:39 | Info     | server.py:656             |  ========================================= 
2026-04-15 20:18:39 | Info     | server.py:657             |  === weBIGeo Cloud Server v1.3 started === 
2026-04-15 20:18:39 | Info     | server.py:658             |  ========================================= 
2026-04-15 20:18:40 | Info     | server.py:614             | Scheduler: running maintenance
2026-04-15 20:18:40 | Info     | server.py:671             | Starting waitress server on http://127.0.0.1:8000
2026-04-15 20:18:40 | Debug    | server.py:568             | Purge: 2026041503_002 (invalid/incomplete)
2026-04-15 20:18:40 | Debug    | server.py:568             | Purge: 2026041506_000 (invalid/incomplete)
2026-04-15 20:18:40 | Debug    | server.py:568             | Purge: 2026041506_001 (invalid/incomplete)
2026-04-15 20:18:40 | Info     | server.py:584             | Purge: removed 3 tile set(s)
2026-04-15 20:18:58 | Debug    | server.py:543             | AutoBuild: 2026041503_002 (target 2026041505)
2026-04-15 20:18:58 | Debug    | server.py:543             | AutoBuild: 2026041506_000 (target 2026041506)
2026-04-15 20:18:58 | Debug    | server.py:543             | AutoBuild: 2026041506_001 (target 2026041507)
2026-04-15 20:18:58 | Debug    | server.py:543             | AutoBuild: 2026041506_002 (target 2026041508)
2026-04-15 20:18:58 | Debug    | server.py:543             | AutoBuild: 2026041509_000 (target 2026041509)
2026-04-15 20:18:58 | Debug    | server.py:543             | AutoBuild: 2026041509_001 (target 2026041510)
2026-04-15 20:18:58 | Debug    | server.py:543             | AutoBuild: 2026041509_002 (target 2026041511)
2026-04-15 20:18:58 | Debug    | server.py:543             | AutoBuild: 2026041512_000 (target 2026041512)
2026-04-15 20:18:58 | Debug    | server.py:543             | AutoBuild: 2026041512_001 (target 2026041513)
2026-04-15 20:18:58 | Debug    | server.py:543             | AutoBuild: 2026041512_002 (target 2026041514)
2026-04-15 20:18:58 | Debug    | server.py:543             | AutoBuild: 2026041515_000 (target 2026041515)
2026-04-15 20:18:58 | Debug    | server.py:543             | AutoBuild: 2026041515_001 (target 2026041516)
2026-04-15 20:18:58 | Debug    | server.py:543             | AutoBuild: 2026041515_002 (target 2026041517)
2026-04-15 20:18:59 | Debug    | server.py:543             | AutoBuild: 2026041515_003 (target 2026041518)
2026-04-15 20:18:59 | Debug    | server.py:543             | AutoBuild: 2026041515_004 (target 2026041519)
2026-04-15 20:18:59 | Debug    | server.py:543             | AutoBuild: 2026041515_005 (target 2026041520)
2026-04-15 20:18:59 | Debug    | server.py:543             | AutoBuild: 2026041515_006 (target 2026041521)
2026-04-15 20:18:59 | Debug    | server.py:543             | AutoBuild: 2026041515_007 (target 2026041522)
2026-04-15 20:18:59 | Debug    | server.py:543             | AutoBuild: 2026041515_008 (target 2026041523)
2026-04-15 20:18:59 | Debug    | server.py:543             | AutoBuild: 2026041515_015 (target 2026041606)
2026-04-15 20:18:59 | Debug    | server.py:543             | AutoBuild: 2026041515_021 (target 2026041612)
2026-04-15 20:18:59 | Debug    | server.py:543             | AutoBuild: 2026041515_027 (target 2026041618)
2026-04-15 20:18:59 | Debug    | server.py:543             | AutoBuild: 2026041515_039 (target 2026041706)
2026-04-15 20:18:59 | Debug    | server.py:543             | AutoBuild: 2026041515_045 (target 2026041712)
2026-04-15 20:18:59 | Info     | server.py:545             | AutoBuild done: 24 added
2026-04-15 20:18:59 | Info     | server.py:645             | Scheduler: next maintenance at 2026-04-16 00:30 UTC
2026-04-15 20:18:59 | Info     | server.py:337             | Processing: run 2026041506 +1h (queue: 21 remaining)
2026-04-15 20:18:59 | Info     | server.py:337             | Processing: run 2026041506 +0h (queue: 22 remaining)
2026-04-15 20:18:59 | Info     | server.py:337             | Processing: run 2026041503 +2h (queue: 23 remaining)
2026-04-15 20:20:16 | Info     | server.py:365             | Done: run 2026041503 +2h (77.8s)
2026-04-15 20:20:17 | Info     | server.py:337             | Processing: run 2026041506 +2h (queue: 20 remaining)
2026-04-15 20:21:01 | Info     | server.py:365             | Done: run 2026041506 +0h (121.9s)
2026-04-15 20:21:01 | Info     | server.py:337             | Processing: run 2026041509 +0h (queue: 19 remaining)
2026-04-15 20:21:31 | Info     | server.py:365             | Done: run 2026041506 +1h (152.6s)
2026-04-15 20:21:32 | Info     | server.py:337             | Processing: run 2026041509 +1h (queue: 18 remaining)
2026-04-15 20:21:57 | Info     | server.py:365             | Done: run 2026041506 +2h (100.5s)
2026-04-15 20:21:58 | Info     | server.py:337             | Processing: run 2026041509 +2h (queue: 17 remaining)
2026-04-15 20:22:34 | Info     | server.py:365             | Done: run 2026041509 +0h (93.4s)
2026-04-15 20:22:35 | Info     | server.py:337             | Processing: run 2026041512 +0h (queue: 16 remaining)
2026-04-15 20:23:06 | Info     | server.py:365             | Done: run 2026041509 +1h (94.1s)
2026-04-15 20:23:07 | Info     | server.py:337             | Processing: run 2026041512 +1h (queue: 15 remaining)
2026-04-15 20:23:38 | Info     | server.py:365             | Done: run 2026041509 +2h (100.4s)
2026-04-15 20:23:39 | Info     | server.py:337             | Processing: run 2026041512 +2h (queue: 14 remaining)
2026-04-15 20:24:10 | Info     | server.py:365             | Done: run 2026041512 +0h (95.4s)
2026-04-15 20:24:11 | Info     | server.py:337             | Processing: run 2026041515 +0h (queue: 13 remaining)
2026-04-15 20:24:45 | Info     | server.py:365             | Done: run 2026041512 +1h (98.7s)
2026-04-15 20:24:46 | Info     | server.py:337             | Processing: run 2026041515 +1h (queue: 12 remaining)
2026-04-15 20:25:20 | Info     | server.py:365             | Done: run 2026041512 +2h (101.6s)
2026-04-15 20:25:21 | Info     | server.py:337             | Processing: run 2026041515 +2h (queue: 11 remaining)
2026-04-15 20:25:46 | Info     | server.py:656             |  ========================================= 
2026-04-15 20:25:46 | Info     | server.py:657             |  === weBIGeo Cloud Server v1.3 started === 
2026-04-15 20:25:46 | Info     | server.py:658             |  ========================================= 
2026-04-15 20:25:46 | Info     | server.py:614             | Scheduler: running maintenance
2026-04-15 20:25:46 | Info     | server.py:671             | Starting waitress server on http://127.0.0.1:8000
2026-04-15 20:25:46 | Debug    | server.py:568             | Purge: 2026041515_000 (invalid/incomplete)
2026-04-15 20:25:46 | Debug    | server.py:568             | Purge: 2026041515_001 (invalid/incomplete)
2026-04-15 20:25:47 | Debug    | server.py:568             | Purge: 2026041515_002 (invalid/incomplete)
2026-04-15 20:25:47 | Info     | server.py:584             | Purge: removed 3 tile set(s)
2026-04-15 20:26:04 | Debug    | server.py:543             | AutoBuild: 2026041515_000 (target 2026041515)
2026-04-15 20:26:04 | Debug    | server.py:543             | AutoBuild: 2026041515_001 (target 2026041516)
2026-04-15 20:26:04 | Debug    | server.py:543             | AutoBuild: 2026041515_002 (target 2026041517)
2026-04-15 20:26:05 | Debug    | server.py:543             | AutoBuild: 2026041515_003 (target 2026041518)
2026-04-15 20:26:05 | Debug    | server.py:543             | AutoBuild: 2026041515_004 (target 2026041519)
2026-04-15 20:26:05 | Debug    | server.py:543             | AutoBuild: 2026041515_005 (target 2026041520)
2026-04-15 20:26:05 | Debug    | server.py:543             | AutoBuild: 2026041515_006 (target 2026041521)
2026-04-15 20:26:05 | Debug    | server.py:543             | AutoBuild: 2026041515_007 (target 2026041522)
2026-04-15 20:26:05 | Debug    | server.py:543             | AutoBuild: 2026041515_008 (target 2026041523)
2026-04-15 20:26:05 | Debug    | server.py:543             | AutoBuild: 2026041515_015 (target 2026041606)
2026-04-15 20:26:05 | Debug    | server.py:543             | AutoBuild: 2026041515_021 (target 2026041612)
2026-04-15 20:26:05 | Debug    | server.py:543             | AutoBuild: 2026041515_027 (target 2026041618)
2026-04-15 20:26:05 | Debug    | server.py:543             | AutoBuild: 2026041515_039 (target 2026041706)
2026-04-15 20:26:05 | Debug    | server.py:543             | AutoBuild: 2026041515_045 (target 2026041712)
2026-04-15 20:26:05 | Info     | server.py:545             | AutoBuild done: 14 added
2026-04-15 20:26:05 | Info     | server.py:645             | Scheduler: next maintenance at 2026-04-16 00:30 UTC
2026-04-15 20:26:05 | Info     | server.py:337             | Processing: run 2026041515 +0h (queue: 13 remaining)
2026-04-15 20:26:05 | Info     | server.py:337             | Processing: run 2026041515 +1h (queue: 12 remaining)
2026-04-15 20:26:05 | Info     | server.py:337             | Processing: run 2026041515 +2h (queue: 11 remaining)
2026-04-15 20:27:17 | Info     | server.py:365             | Done: run 2026041515 +0h (72.6s)
2026-04-15 20:27:18 | Info     | server.py:337             | Processing: run 2026041515 +3h (queue: 10 remaining)
2026-04-15 20:28:01 | Info     | server.py:365             | Done: run 2026041515 +2h (116.4s)
2026-04-15 20:28:02 | Info     | server.py:337             | Processing: run 2026041515 +4h (queue: 9 remaining)
2026-04-15 20:28:36 | Info     | server.py:365             | Done: run 2026041515 +1h (151.7s)
2026-04-15 20:28:37 | Info     | server.py:337             | Processing: run 2026041515 +5h (queue: 8 remaining)
2026-04-15 20:29:06 | Info     | server.py:365             | Done: run 2026041515 +3h (108.6s)
2026-04-15 20:29:08 | Info     | server.py:337             | Processing: run 2026041515 +6h (queue: 7 remaining)
2026-04-15 20:29:31 | Info     | server.py:365             | Done: run 2026041515 +4h (89.0s)
2026-04-15 20:29:31 | Info     | server.py:337             | Processing: run 2026041515 +7h (queue: 6 remaining)
2026-04-15 20:30:13 | Info     | server.py:365             | Done: run 2026041515 +5h (96.1s)
2026-04-15 20:30:14 | Info     | server.py:337             | Processing: run 2026041515 +8h (queue: 5 remaining)
2026-04-15 20:30:48 | Info     | server.py:365             | Done: run 2026041515 +6h (100.8s)
2026-04-15 20:30:49 | Info     | server.py:337             | Processing: run 2026041515 +15h (queue: 4 remaining)
2026-04-15 20:31:21 | Info     | server.py:365             | Done: run 2026041515 +7h (109.5s)
2026-04-15 20:31:22 | Info     | server.py:337             | Processing: run 2026041515 +21h (queue: 3 remaining)
2026-04-15 20:31:46 | Info     | server.py:365             | Done: run 2026041515 +8h (91.8s)
2026-04-15 20:31:47 | Info     | server.py:337             | Processing: run 2026041515 +27h (queue: 2 remaining)
2026-04-15 20:32:31 | Info     | server.py:365             | Done: run 2026041515 +15h (101.2s)
2026-04-15 20:32:32 | Info     | server.py:337             | Processing: run 2026041515 +39h (queue: 1 remaining)
2026-04-15 20:33:02 | Info     | server.py:365             | Done: run 2026041515 +21h (100.1s)
2026-04-15 20:33:03 | Info     | server.py:337             | Processing: run 2026041515 +45h (queue: 0 remaining)
2026-04-15 20:33:28 | Info     | server.py:365             | Done: run 2026041515 +27h (101.7s)
2026-04-15 20:34:03 | Info     | server.py:365             | Done: run 2026041515 +39h (91.3s)
2026-04-15 20:34:19 | Info     | server.py:365             | Done: run 2026041515 +45h (75.8s)
2026-04-15 20:34:20 | Info     | server.py:607             | Startup Maintenance completed after 8.6 min
